{"C:\\Users\\olivi\\source\\repos\\QuizBuzzer\\quiz-buzzer-server\\src\\network.js": {"path":"C:\\Users\\olivi\\source\\repos\\QuizBuzzer\\quiz-buzzer-server\\src\\network.js","statementMap":{"0":{"start":{"line":11,"column":21},"end":{"line":11,"column":43}},"1":{"start":{"line":13,"column":2},"end":{"line":19,"column":3}},"2":{"start":{"line":14,"column":4},"end":{"line":18,"column":5}},"3":{"start":{"line":15,"column":6},"end":{"line":17,"column":7}},"4":{"start":{"line":16,"column":8},"end":{"line":16,"column":28}},"5":{"start":{"line":21,"column":2},"end":{"line":21,"column":14}}},"fnMap":{"0":{"name":"getLocalIpAddress","decl":{"start":{"line":10,"column":16},"end":{"line":10,"column":33}},"loc":{"start":{"line":10,"column":76},"end":{"line":22,"column":1}},"line":10}},"branchMap":{"0":{"loc":{"start":{"line":10,"column":34},"end":{"line":10,"column":74}},"type":"default-arg","locations":[{"start":{"line":10,"column":57},"end":{"line":10,"column":74}}],"line":10},"1":{"loc":{"start":{"line":15,"column":6},"end":{"line":17,"column":7}},"type":"if","locations":[{"start":{"line":15,"column":6},"end":{"line":17,"column":7}},{"start":{},"end":{}}],"line":15},"2":{"loc":{"start":{"line":15,"column":10},"end":{"line":15,"column":50}},"type":"binary-expr","locations":[{"start":{"line":15,"column":10},"end":{"line":15,"column":32}},{"start":{"line":15,"column":36},"end":{"line":15,"column":50}}],"line":15}},"s":{"0":4,"1":4,"2":4,"3":5,"4":2,"5":2},"f":{"0":4},"b":{"0":[0],"1":[2,3],"2":[5,4]},"inputSourceMap":null,"_coverageSchema":"1a1c01bbd47fc00a2c39e90264f33305004495a9","hash":"7d8ca95d46714dd3f209112d4a6cda38477cfb2c"}
,"C:\\Users\\olivi\\source\\repos\\QuizBuzzer\\quiz-buzzer-server\\src\\server.js": {"path":"C:\\Users\\olivi\\source\\repos\\QuizBuzzer\\quiz-buzzer-server\\src\\server.js","statementMap":{"0":{"start":{"line":4,"column":21},"end":{"line":4,"column":25}},"1":{"start":{"line":13,"column":2},"end":{"line":18,"column":5}},"2":{"start":{"line":35,"column":17},"end":{"line":35,"column":31}},"3":{"start":{"line":37,"column":2},"end":{"line":52,"column":5}},"4":{"start":{"line":38,"column":4},"end":{"line":51,"column":7}},"5":{"start":{"line":39,"column":19},"end":{"line":39,"column":31}},"6":{"start":{"line":40,"column":17},"end":{"line":40,"column":24}},"7":{"start":{"line":42,"column":6},"end":{"line":42,"column":42}},"8":{"start":{"line":44,"column":6},"end":{"line":48,"column":7}},"9":{"start":{"line":45,"column":8},"end":{"line":45,"column":52}},"10":{"start":{"line":47,"column":8},"end":{"line":47,"column":84}},"11":{"start":{"line":50,"column":6},"end":{"line":50,"column":22}}},"fnMap":{"0":{"name":"formatTime","decl":{"start":{"line":12,"column":16},"end":{"line":12,"column":26}},"loc":{"start":{"line":12,"column":45},"end":{"line":19,"column":1}},"line":12},"1":{"name":"startServer","decl":{"start":{"line":30,"column":16},"end":{"line":30,"column":27}},"loc":{"start":{"line":34,"column":8},"end":{"line":53,"column":1}},"line":34},"2":{"name":"(anonymous_2)","decl":{"start":{"line":37,"column":21},"end":{"line":37,"column":22}},"loc":{"start":{"line":37,"column":34},"end":{"line":52,"column":3}},"line":37},"3":{"name":"(anonymous_3)","decl":{"start":{"line":38,"column":24},"end":{"line":38,"column":25}},"loc":{"start":{"line":38,"column":30},"end":{"line":51,"column":5}},"line":38}},"branchMap":{"0":{"loc":{"start":{"line":12,"column":27},"end":{"line":12,"column":43}},"type":"default-arg","locations":[{"start":{"line":12,"column":33},"end":{"line":12,"column":43}}],"line":12},"1":{"loc":{"start":{"line":30,"column":28},"end":{"line":34,"column":6}},"type":"default-arg","locations":[{"start":{"line":34,"column":4},"end":{"line":34,"column":6}}],"line":30},"2":{"loc":{"start":{"line":31,"column":2},"end":{"line":31,"column":49}},"type":"default-arg","locations":[{"start":{"line":31,"column":9},"end":{"line":31,"column":49}}],"line":31},"3":{"loc":{"start":{"line":31,"column":9},"end":{"line":31,"column":49}},"type":"binary-expr","locations":[{"start":{"line":31,"column":9},"end":{"line":31,"column":33}},{"start":{"line":31,"column":37},"end":{"line":31,"column":49}}],"line":31},"4":{"loc":{"start":{"line":32,"column":2},"end":{"line":32,"column":19}},"type":"default-arg","locations":[{"start":{"line":32,"column":8},"end":{"line":32,"column":19}}],"line":32},"5":{"loc":{"start":{"line":33,"column":2},"end":{"line":33,"column":27}},"type":"default-arg","locations":[{"start":{"line":33,"column":10},"end":{"line":33,"column":27}}],"line":33},"6":{"loc":{"start":{"line":44,"column":6},"end":{"line":48,"column":7}},"type":"if","locations":[{"start":{"line":44,"column":6},"end":{"line":48,"column":7}},{"start":{"line":46,"column":13},"end":{"line":48,"column":7}}],"line":44}},"s":{"0":1,"1":5,"2":4,"3":4,"4":4,"5":4,"6":4,"7":4,"8":4,"9":3,"10":1,"11":4},"f":{"0":5,"1":4,"2":4,"3":4},"b":{"0":[4],"1":[0],"2":[1],"3":[1,0],"4":[0],"5":[0],"6":[3,1]},"inputSourceMap":null,"_coverageSchema":"1a1c01bbd47fc00a2c39e90264f33305004495a9","hash":"e718f6b9295fd7acd5c6249a8bd6648aeb48a0f1"}
}
