TN:
SF:src\network.js
FN:10,getLocalIpAddress
FNF:1
FNH:1
FNDA:4,getLocalIpAddress
DA:11,4
DA:13,4
DA:14,4
DA:15,5
DA:16,2
DA:21,2
LF:6
LH:6
BRDA:10,0,0,0
BRDA:15,1,0,2
BRDA:15,1,1,3
BRDA:15,2,0,5
BRDA:15,2,1,4
BRF:5
BRH:4
end_of_record
TN:
SF:src\server.js
FN:12,formatTime
FN:30,startServer
FN:37,(anonymous_2)
FN:38,(anonymous_3)
FNF:4
FNH:4
FNDA:5,formatTime
FNDA:4,startServer
FNDA:4,(anonymous_2)
FNDA:4,(anonymous_3)
DA:4,1
DA:13,5
DA:35,4
DA:37,4
DA:38,4
DA:39,4
DA:40,4
DA:42,4
DA:44,4
DA:45,3
DA:47,1
DA:50,4
LF:12
LH:12
BRDA:12,0,0,4
BRDA:30,1,0,0
BRDA:31,2,0,1
BRDA:31,3,0,1
BRDA:31,3,1,0
BRDA:32,4,0,0
BRDA:33,5,0,0
BRDA:44,6,0,3
BRDA:44,6,1,1
BRF:9
BRH:5
end_of_record
